<?xml version="1.0" encoding="UTF-8"?>
<testsuite name="com.grosserhund.blackjack.GameTest" tests="1" skipped="0" failures="0" errors="0" timestamp="2021-02-07T01:22:48" hostname="centos7" time="0.424">
  <properties/>
  <testcase name="playGame()" classname="com.grosserhund.blackjack.GameTest" time="0.424"/>
  <system-out><![CDATA[20:22:48.810 [Test worker] DEBUG com.grosserhund.blackjack.Game - Game Object created
20:22:48.821 [Test worker] DEBUG com.grosserhund.blackjack.Game - Starting game 1
20:22:48.822 [Test worker] TRACE com.grosserhund.blackjack.players.dealer.Dealer - Dealing Card [deck=1, faceDown=false, rank=THREE, suit=CLUBS] to dealer
20:22:48.823 [Test worker] DEBUG com.grosserhund.blackjack.elements.Betting - Player Worf can bet with a bank of $500 and a bet amount of 10
20:22:48.823 [Test worker] TRACE com.grosserhund.blackjack.elements.Betting - Initial bet placed for Worf $10
20:22:48.824 [Test worker] DEBUG com.grosserhund.blackjack.elements.Betting - Balances after Initial bet for Worf Bank=$490, Bet=$10
20:22:48.824 [Test worker] TRACE com.grosserhund.blackjack.players.player.Player - Dealing Card [deck=1, faceDown=false, rank=TEN, suit=DIAMONDS] to Worf
20:22:48.825 [Test worker] TRACE com.grosserhund.blackjack.players.dealer.Dealer - Dealing Card [deck=1, faceDown=true, rank=SIX, suit=SPADES] to dealer
20:22:48.825 [Test worker] TRACE com.grosserhund.blackjack.players.player.Player - Dealing Card [deck=1, faceDown=false, rank=NINE, suit=HEARTS] to Worf
20:22:48.825 [Test worker] TRACE com.grosserhund.blackjack.players.strategies.DefaultSplitStrategy - BlackjackPlayerState: STAND
20:22:48.841 [Test worker] DEBUG com.grosserhund.blackjack.players.player.Player - Beginning Blackjack state for Worf: 
   BlackjackPlayerHand [ handResult=null, blackJackState=NEW_HAND, total=19, card count=2, allowSplit=false, doubledDown=false, doubleDownAllowed=true, cards=[Card [deck=1, faceDown=false, rank=TEN, suit=DIAMONDS], Card [deck=1, faceDown=false, rank=NINE, suit=HEARTS]], dealerUpCard=Card [deck=1, faceDown=false, rank=THREE, suit=CLUBS]]
20:22:48.842 [Test worker] TRACE com.grosserhund.blackjack.players.strategies.DefaultHardStrategy - BlackjackPlayerState: STAND
20:22:48.843 [Test worker] DEBUG com.grosserhund.blackjack.players.player.Player - Ending Blackjack state for Worf: 
   BlackjackPlayerHand [ handResult=null, blackJackState=STAND, total=19, card count=2, allowSplit=false, doubledDown=false, doubleDownAllowed=true, cards=[Card [deck=1, faceDown=false, rank=TEN, suit=DIAMONDS], Card [deck=1, faceDown=false, rank=NINE, suit=HEARTS]], dealerUpCard=Card [deck=1, faceDown=false, rank=THREE, suit=CLUBS]]
20:22:48.843 [Test worker] DEBUG com.grosserhund.blackjack.players.dealer.Dealer - Beginning dealer blackjack state HIT
20:22:48.844 [Test worker] TRACE com.grosserhund.blackjack.players.dealer.Dealer - Current dealer blackjack state HIT
20:22:48.844 [Test worker] TRACE com.grosserhund.blackjack.players.dealer.Dealer - Current dealer blackjack state BUSTED
20:22:48.844 [Test worker] DEBUG com.grosserhund.blackjack.players.dealer.Dealer - Ending dealer blackjack state BUSTED
20:22:48.844 [Test worker] DEBUG com.grosserhund.blackjack.elements.Betting - Player Bank before = $490
20:22:48.845 [Test worker] DEBUG com.grosserhund.blackjack.elements.Betting - Player Bank after = $510
20:22:48.848 [Test worker] DEBUG com.grosserhund.blackjack.Game - Worf (count=1): [
   BlackjackPlayerHand [ handResult=WIN, blackJackState=STAND, total=19, card count=2, allowSplit=false, doubledDown=false, doubleDownAllowed=true, cards=[Card [deck=1, faceDown=false, rank=TEN, suit=DIAMONDS], Card [deck=1, faceDown=false, rank=NINE, suit=HEARTS]], dealerUpCard=Card [deck=1, faceDown=false, rank=THREE, suit=CLUBS]]]
20:22:48.854 [Test worker] DEBUG com.grosserhund.blackjack.Game - BlackjackDealerHand [blackJackState=BUSTED, total=26, card count=4, cards=[Card [deck=1, faceDown=false, rank=THREE, suit=CLUBS], Card [deck=1, faceDown=true, rank=SIX, suit=SPADES], Card [deck=1, faceDown=false, rank=SEVEN, suit=CLUBS], Card [deck=1, faceDown=false, rank=KING, suit=SPADES]]]

]]></system-out>
  <system-err><![CDATA[]]></system-err>
</testsuite>
