<?xml version="1.0" encoding="UTF-8"?>
<testsuite name="com.grosserhund.blackjack.elements.RulesTest" tests="14" skipped="0" failures="0" errors="0" timestamp="2021-02-07T01:22:48" hostname="centos7" time="0.015">
  <properties/>
  <testcase name="isBettingNotAllowed()" classname="com.grosserhund.blackjack.elements.RulesTest" time="0.0"/>
  <testcase name="getCutIndex()" classname="com.grosserhund.blackjack.elements.RulesTest" time="0.0"/>
  <testcase name="getTotalDecks()" classname="com.grosserhund.blackjack.elements.RulesTest" time="0.002"/>
  <testcase name="isAllowPlayerSplit()" classname="com.grosserhund.blackjack.elements.RulesTest" time="0.0"/>
  <testcase name="getMinimumBet()" classname="com.grosserhund.blackjack.elements.RulesTest" time="0.0"/>
  <testcase name="getBlackjackPays()" classname="com.grosserhund.blackjack.elements.RulesTest" time="0.001"/>
  <testcase name="getDealerStandValue()" classname="com.grosserhund.blackjack.elements.RulesTest" time="0.001"/>
  <testcase name="isBettingAllowed()" classname="com.grosserhund.blackjack.elements.RulesTest" time="0.001"/>
  <testcase name="isDoubleDownOnSplit()" classname="com.grosserhund.blackjack.elements.RulesTest" time="0.0"/>
  <testcase name="getBetting()" classname="com.grosserhund.blackjack.elements.RulesTest" time="0.001"/>
  <testcase name="isAllowDoubleDown()" classname="com.grosserhund.blackjack.elements.RulesTest" time="0.0"/>
  <testcase name="getDealerStandSoftValue()" classname="com.grosserhund.blackjack.elements.RulesTest" time="0.0"/>
  <testcase name="getMaximumPlayers()" classname="com.grosserhund.blackjack.elements.RulesTest" time="0.0"/>
  <testcase name="getDealerStartingBank()" classname="com.grosserhund.blackjack.elements.RulesTest" time="0.0"/>
  <system-out><![CDATA[]]></system-out>
  <system-err><![CDATA[]]></system-err>
</testsuite>
