<?xml version="1.0" encoding="UTF-8"?>
<testsuite name="com.grosserhund.blackjack.players.player.PlayerTest" tests="9" skipped="0" failures="0" errors="0" timestamp="2021-02-07T01:22:48" hostname="centos7" time="0.012">
  <properties/>
  <testcase name="setCurrentBank()" classname="com.grosserhund.blackjack.players.player.PlayerTest" time="0.001"/>
  <testcase name="testGetStats()" classname="com.grosserhund.blackjack.players.player.PlayerTest" time="0.0"/>
  <testcase name="getName()" classname="com.grosserhund.blackjack.players.player.PlayerTest" time="0.001"/>
  <testcase name="getCurrentBank()" classname="com.grosserhund.blackjack.players.player.PlayerTest" time="0.001"/>
  <testcase name="printHands()" classname="com.grosserhund.blackjack.players.player.PlayerTest" time="0.0"/>
  <testcase name="canPlay()" classname="com.grosserhund.blackjack.players.player.PlayerTest" time="0.0"/>
  <testcase name="playHand()" classname="com.grosserhund.blackjack.players.player.PlayerTest" time="0.0"/>
  <testcase name="getHands()" classname="com.grosserhund.blackjack.players.player.PlayerTest" time="0.0"/>
  <testcase name="getStats()" classname="com.grosserhund.blackjack.players.player.PlayerTest" time="0.0"/>
  <system-out><![CDATA[]]></system-out>
  <system-err><![CDATA[]]></system-err>
</testsuite>
