<?xml version="1.0" encoding="UTF-8"?>
<testsuite name="com.grosserhund.cards.DeckTest" tests="4" skipped="0" failures="0" errors="0" timestamp="2021-02-07T01:22:48" hostname="centos7" time="0.013">
  <properties/>
  <testcase name="drawFaceUp()" classname="com.grosserhund.cards.DeckTest" time="0.007"/>
  <testcase name="drawFaceDown()" classname="com.grosserhund.cards.DeckTest" time="0.001"/>
  <testcase name="createNewDeck()" classname="com.grosserhund.cards.DeckTest" time="0.002"/>
  <testcase name="shuffle()" classname="com.grosserhund.cards.DeckTest" time="0.002"/>
  <system-out><![CDATA[]]></system-out>
  <system-err><![CDATA[]]></system-err>
</testsuite>
