<?xml version="1.0" encoding="UTF-8"?>
<testsuite name="com.grosserhund.blackjack.elements.ShoeTest" tests="5" skipped="0" failures="0" errors="0" timestamp="2021-02-07T01:22:48" hostname="centos7" time="0.011">
  <properties/>
  <testcase name="drawFaceUp()" classname="com.grosserhund.blackjack.elements.ShoeTest" time="0.001"/>
  <testcase name="drawFaceDown()" classname="com.grosserhund.blackjack.elements.ShoeTest" time="0.001"/>
  <testcase name="getCardCount()" classname="com.grosserhund.blackjack.elements.ShoeTest" time="0.003"/>
  <testcase name="continuousShuffle()" classname="com.grosserhund.blackjack.elements.ShoeTest" time="0.002"/>
  <testcase name="shuffle()" classname="com.grosserhund.blackjack.elements.ShoeTest" time="0.002"/>
  <system-out><![CDATA[]]></system-out>
  <system-err><![CDATA[]]></system-err>
</testsuite>
