<?xml version="1.0" encoding="UTF-8"?>
<testsuite name="com.grosserhund.cards.HandTest" tests="4" skipped="0" failures="0" errors="0" timestamp="2021-02-07T01:22:48" hostname="centos7" time="0.027">
  <properties/>
  <testcase name="testToString()" classname="com.grosserhund.cards.HandTest" time="0.021"/>
  <testcase name="getCardCount()" classname="com.grosserhund.cards.HandTest" time="0.001"/>
  <testcase name="get()" classname="com.grosserhund.cards.HandTest" time="0.001"/>
  <testcase name="draw()" classname="com.grosserhund.cards.HandTest" time="0.001"/>
  <system-out><![CDATA[]]></system-out>
  <system-err><![CDATA[]]></system-err>
</testsuite>
