<?xml version="1.0" encoding="UTF-8"?>
<testsuite name="com.grosserhund.blackjack.elements.TableTest" tests="4" skipped="0" failures="0" errors="0" timestamp="2021-02-07T01:22:48" hostname="centos7" time="0.006">
  <properties/>
  <testcase name="addPlayer()" classname="com.grosserhund.blackjack.elements.TableTest" time="0.001"/>
  <testcase name="getShoe()" classname="com.grosserhund.blackjack.elements.TableTest" time="0.001"/>
  <testcase name="getDealer()" classname="com.grosserhund.blackjack.elements.TableTest" time="0.001"/>
  <testcase name="getPlayers()" classname="com.grosserhund.blackjack.elements.TableTest" time="0.001"/>
  <system-out><![CDATA[20:22:48.873 [Test worker] DEBUG com.grosserhund.blackjack.Game - Game Object created
20:22:48.875 [Test worker] DEBUG com.grosserhund.blackjack.Game - Game Object created
20:22:48.876 [Test worker] DEBUG com.grosserhund.blackjack.Game - Game Object created
20:22:48.878 [Test worker] DEBUG com.grosserhund.blackjack.Game - Game Object created
]]></system-out>
  <system-err><![CDATA[]]></system-err>
</testsuite>
